0 info it worked if it ends with ok
1 verbose cli [ '/usr/bin/node', '/usr/bin/npm', 'install', '-g', 'velocity-ci' ]
2 info using npm@1.4.28
3 info using node@v0.10.32
4 verbose node symlink /usr/bin/node
5 verbose cache add [ 'velocity-ci', null ]
6 verbose cache add name=undefined spec="velocity-ci" args=["velocity-ci",null]
7 verbose parsed url { protocol: null,
7 verbose parsed url   slashes: null,
7 verbose parsed url   auth: null,
7 verbose parsed url   host: null,
7 verbose parsed url   port: null,
7 verbose parsed url   hostname: null,
7 verbose parsed url   hash: null,
7 verbose parsed url   search: null,
7 verbose parsed url   query: null,
7 verbose parsed url   pathname: 'velocity-ci',
7 verbose parsed url   path: 'velocity-ci',
7 verbose parsed url   href: 'velocity-ci' }
8 silly lockFile 15047969-velocity-ci velocity-ci
9 verbose lock velocity-ci /home/nrb/.npm/15047969-velocity-ci.lock
10 silly lockFile 15047969-velocity-ci velocity-ci
11 silly lockFile 15047969-velocity-ci velocity-ci
12 verbose addNamed [ 'velocity-ci', '' ]
13 verbose addNamed [ null, '*' ]
14 silly lockFile 746539f5-velocity-ci velocity-ci@
15 verbose lock velocity-ci@ /home/nrb/.npm/746539f5-velocity-ci.lock
16 silly addNameRange { name: 'velocity-ci', range: '*', hasData: false }
17 verbose request where is /velocity-ci
18 verbose request registry https://registry.npmjs.org/
19 verbose request id b33c4563ed2b234f
20 verbose url raw /velocity-ci
21 verbose url resolving [ 'https://registry.npmjs.org/', './velocity-ci' ]
22 verbose url resolved https://registry.npmjs.org/velocity-ci
23 verbose request where is https://registry.npmjs.org/velocity-ci
24 info trying registry request attempt 1 at 13:39:40
25 http GET https://registry.npmjs.org/velocity-ci
26 http 200 https://registry.npmjs.org/velocity-ci
27 silly registry.get cb [ 200,
27 silly registry.get   { date: 'Tue, 28 Oct 2014 20:41:28 GMT',
27 silly registry.get     server: 'CouchDB/1.5.0 (Erlang OTP/R14B04)',
27 silly registry.get     etag: '"598N0D5W5HW5VI48ERMFP85ZY"',
27 silly registry.get     'content-type': 'application/json',
27 silly registry.get     'cache-control': 'max-age=60',
27 silly registry.get     'content-length': '7321',
27 silly registry.get     'accept-ranges': 'bytes',
27 silly registry.get     via: '1.1 varnish',
27 silly registry.get     age: '0',
27 silly registry.get     'x-served-by': 'cache-sjc3131-SJC',
27 silly registry.get     'x-cache': 'MISS',
27 silly registry.get     'x-cache-hits': '0',
27 silly registry.get     'x-timer': 'S1414528887.890264,VS0,VE369',
27 silly registry.get     vary: 'Accept',
27 silly registry.get     'keep-alive': 'timeout=10, max=50',
27 silly registry.get     connection: 'Keep-Alive' } ]
28 silly addNameRange number 2 { name: 'velocity-ci', range: '*', hasData: true }
29 silly addNameRange versions [ 'velocity-ci',
29 silly addNameRange   [ '0.0.1',
29 silly addNameRange     '0.0.2',
29 silly addNameRange     '0.0.3',
29 silly addNameRange     '0.0.4',
29 silly addNameRange     '0.1.0',
29 silly addNameRange     '0.1.1',
29 silly addNameRange     '0.1.2',
29 silly addNameRange     '0.1.3' ] ]
30 verbose addNamed [ 'velocity-ci', '0.1.3' ]
31 verbose addNamed [ '0.1.3', '0.1.3' ]
32 silly lockFile 95f796b1-velocity-ci-0-1-3 velocity-ci@0.1.3
33 verbose lock velocity-ci@0.1.3 /home/nrb/.npm/95f796b1-velocity-ci-0-1-3.lock
34 silly lockFile 1b82d866-elocity-ci-velocity-ci-0-1-3-tgz https://registry.npmjs.org/velocity-ci/-/velocity-ci-0.1.3.tgz
35 verbose lock https://registry.npmjs.org/velocity-ci/-/velocity-ci-0.1.3.tgz /home/nrb/.npm/1b82d866-elocity-ci-velocity-ci-0-1-3-tgz.lock
36 verbose addRemoteTarball [ 'https://registry.npmjs.org/velocity-ci/-/velocity-ci-0.1.3.tgz',
36 verbose addRemoteTarball   '36b6d444386bb59de35ca5a49f705290524edaaf' ]
37 info retry fetch attempt 1 at 13:39:41
38 verbose fetch to= /tmp/npm-1288-5TKnoBuC/registry.npmjs.org/velocity-ci/-/velocity-ci-0.1.3.tgz
39 http GET https://registry.npmjs.org/velocity-ci/-/velocity-ci-0.1.3.tgz
40 http 200 https://registry.npmjs.org/velocity-ci/-/velocity-ci-0.1.3.tgz
41 silly lockFile 1b82d866-elocity-ci-velocity-ci-0-1-3-tgz https://registry.npmjs.org/velocity-ci/-/velocity-ci-0.1.3.tgz
42 silly lockFile 1b82d866-elocity-ci-velocity-ci-0-1-3-tgz https://registry.npmjs.org/velocity-ci/-/velocity-ci-0.1.3.tgz
43 silly lockFile 95f796b1-velocity-ci-0-1-3 velocity-ci@0.1.3
44 silly lockFile 95f796b1-velocity-ci-0-1-3 velocity-ci@0.1.3
45 silly lockFile 746539f5-velocity-ci velocity-ci@
46 silly lockFile 746539f5-velocity-ci velocity-ci@
47 silly resolved [ { name: 'velocity-ci',
47 silly resolved     version: '0.1.3',
47 silly resolved     description: 'Commnad line runner until we can use `meteor test`',
47 silly resolved     main: 'index.js',
47 silly resolved     scripts: { test: 'echo "Error: no test specified" && exit 1' },
47 silly resolved     author: { name: 'Mike Risse' },
47 silly resolved     license: 'MIT',
47 silly resolved     bin: { velocity: './velocity-ci.js' },
47 silly resolved     dependencies:
47 silly resolved      { ddp: '^0.7.0',
47 silly resolved        minimist: '^0.2.0',
47 silly resolved        phantomjs: '^1.9.7-12',
47 silly resolved        'ps-tree': '0.0.3' },
47 silly resolved     _id: 'velocity-ci@0.1.3',
47 silly resolved     _shasum: '36b6d444386bb59de35ca5a49f705290524edaaf',
47 silly resolved     _from: 'velocity-ci@',
47 silly resolved     _npmVersion: '1.4.9',
47 silly resolved     _npmUser: { name: 'rissem', email: 'rissem@gmail.com' },
47 silly resolved     maintainers: [ [Object] ],
47 silly resolved     dist:
47 silly resolved      { shasum: '36b6d444386bb59de35ca5a49f705290524edaaf',
47 silly resolved        tarball: 'http://registry.npmjs.org/velocity-ci/-/velocity-ci-0.1.3.tgz' },
47 silly resolved     directories: {},
47 silly resolved     _resolved: 'https://registry.npmjs.org/velocity-ci/-/velocity-ci-0.1.3.tgz' } ]
48 info install velocity-ci@0.1.3 into /usr/lib
49 info installOne velocity-ci@0.1.3
50 verbose lib/node_modules/velocity-ci unbuild
51 verbose tar unpack /home/nrb/.npm/velocity-ci/0.1.3/package.tgz
52 silly lockFile e8f68206-usr-lib-node-modules-velocity-ci tar:///usr/lib/node_modules/velocity-ci
53 verbose lock tar:///usr/lib/node_modules/velocity-ci /home/nrb/.npm/e8f68206-usr-lib-node-modules-velocity-ci.lock
54 silly lockFile 1d95a51c-pm-velocity-ci-0-1-3-package-tgz tar:///home/nrb/.npm/velocity-ci/0.1.3/package.tgz
55 verbose lock tar:///home/nrb/.npm/velocity-ci/0.1.3/package.tgz /home/nrb/.npm/1d95a51c-pm-velocity-ci-0-1-3-package-tgz.lock
56 silly gunzTarPerm modes [ '775', '664' ]
57 error Error: EACCES, mkdir '/usr/lib/node_modules/velocity-ci'
57 error  { [Error: EACCES, mkdir '/usr/lib/node_modules/velocity-ci']
57 error   errno: 3,
57 error   code: 'EACCES',
57 error   path: '/usr/lib/node_modules/velocity-ci',
57 error   fstream_type: 'Directory',
57 error   fstream_path: '/usr/lib/node_modules/velocity-ci',
57 error   fstream_class: 'DirWriter',
57 error   fstream_stack:
57 error    [ '/usr/lib/node_modules/npm/node_modules/fstream/lib/dir-writer.js:36:23',
57 error      '/usr/lib/node_modules/npm/node_modules/mkdirp/index.js:46:53',
57 error      'Object.oncomplete (fs.js:107:15)' ] }
58 error Please try running this command again as root/Administrator.
59 error System Linux 3.13.0-35-generic
60 error command "/usr/bin/node" "/usr/bin/npm" "install" "-g" "velocity-ci"
61 error cwd /home/nrb/todos
62 error node -v v0.10.32
63 error npm -v 1.4.28
64 error path /usr/lib/node_modules/velocity-ci
65 error fstream_path /usr/lib/node_modules/velocity-ci
66 error fstream_type Directory
67 error fstream_class DirWriter
68 error code EACCES
69 error errno 3
70 error stack Error: EACCES, mkdir '/usr/lib/node_modules/velocity-ci'
71 error fstream_stack /usr/lib/node_modules/npm/node_modules/fstream/lib/dir-writer.js:36:23
71 error fstream_stack /usr/lib/node_modules/npm/node_modules/mkdirp/index.js:46:53
71 error fstream_stack Object.oncomplete (fs.js:107:15)
72 verbose exit [ 3, true ]
